<?xml version="1.0" encoding="UTF-8"?>
<testsuite name="com.kodilla.patterns.singleton.SettingsFileEngineTestSuite" tests="3" skipped="0" failures="0" errors="0" timestamp="2021-07-15T14:48:41" hostname="LAPTOP-GILLPKA7" time="0.036">
  <properties/>
  <testcase name="testSaveSettings()" classname="com.kodilla.patterns.singleton.SettingsFileEngineTestSuite" time="0.022"/>
  <testcase name="testLoadSettings()" classname="com.kodilla.patterns.singleton.SettingsFileEngineTestSuite" time="0.002"/>
  <testcase name="testGetFileName()" classname="com.kodilla.patterns.singleton.SettingsFileEngineTestSuite" time="0.009"/>
  <system-out><![CDATA[Opening the settings file
Saving settings to file
Loading settings from file
Opened: myapp.settings
Closing the settings file
]]></system-out>
  <system-err><![CDATA[]]></system-err>
</testsuite>
