<?xml version="1.0" encoding="UTF-8"?>
<testsuite name="com.kodilla.patterns.singleton.LoggerTestSuite" tests="1" skipped="0" failures="0" errors="0" timestamp="2021-07-15T15:08:49" hostname="LAPTOP-GILLPKA7" time="0.07">
  <properties/>
  <testcase name="testGetLastLog()" classname="com.kodilla.patterns.singleton.LoggerTestSuite" time="0.07"/>
  <system-out><![CDATA[Log: [My log]
]]></system-out>
  <system-err><![CDATA[]]></system-err>
</testsuite>
